<?xml version="1.0" encoding="UTF-8"?>
<!-- Generated by org.testng.reporters.JUnitXMLReporter -->
<testsuite hostname="DESKTOP-9VB7TO5" ignored="0" name="Test" tests="3" failures="1" timestamp="2021-09-28T17:33:01 PDT" time="28.441" errors="0">
  <testcase name="LoginPage_RememberMe_ValidUsername_Password" time="2.387" classname="salesforce.testng.tests.LoginTest"/>
  <testcase name="Login_EmptyPassword_FailsWithErrorMessage" time="0.465" classname="salesforce.testng.tests.LoginTest">
    <failure type="java.lang.AssertionError" message="expected [Please enter your password.] but found []">
      <![CDATA[java.lang.AssertionError: expected [Please enter your password.] but found []
at salesforce.testng.tests.LoginTest.Login_EmptyPassword_FailsWithErrorMessage(LoginTest.java:47)
at java.util.ArrayList.forEach(ArrayList.java:1259)
... Removed 33 stack frames]]>
    </failure>
  </testcase> <!-- Login_EmptyPassword_FailsWithErrorMessage -->
  <testcase name="Login_ValidUsername_ValidPassword_HomePage" time="4.647" classname="salesforce.testng.tests.LoginTest"/>
</testsuite> <!-- Test -->
